2025-08-26 13:47:07,088 - INFO - cors middleware is connected
2025-08-26 13:47:07,097 - INFO - file_cache is only supported with oauth2client<4.0.0
2025-08-26 13:47:07,102 - INFO - Google drive API initialized
2025-08-26 13:47:07,180 - INFO - connected to the database
2025-08-26 13:47:07,192 - INFO - background check function is running
2025-08-26 13:47:44,560 - INFO - image has been successfully captured
2025-08-26 13:47:44,579 - INFO - verification started
2025-08-26 13:47:44,581 - INFO - verification successful
2025-08-26 13:49:53,158 - INFO - cors middleware is connected
2025-08-26 13:49:53,163 - INFO - file_cache is only supported with oauth2client<4.0.0
2025-08-26 13:49:53,166 - INFO - Google drive API initialized
2025-08-26 13:49:53,233 - INFO - connected to the database
2025-08-26 13:49:53,240 - INFO - background check function is running
2025-08-26 13:50:34,608 - INFO - image has been successfully captured
2025-08-26 13:50:34,626 - INFO - verification started
2025-08-26 13:50:34,627 - INFO - verification successful
2025-08-26 13:57:01,691 - INFO - cors middleware is connected
2025-08-26 13:57:01,696 - INFO - file_cache is only supported with oauth2client<4.0.0
2025-08-26 13:57:01,699 - INFO - Google drive API initialized
2025-08-26 13:57:01,761 - INFO - connected to the database
2025-08-26 13:57:01,768 - INFO - background check function is running
2025-08-26 13:57:22,542 - INFO - image has been successfully captured
2025-08-26 13:57:22,564 - INFO - verification started
2025-08-26 13:57:22,565 - INFO - verification successful
2025-08-26 14:39:19,945 - INFO - cors middleware is connected
2025-08-26 14:39:19,951 - INFO - file_cache is only supported with oauth2client<4.0.0
2025-08-26 14:39:19,954 - INFO - Google drive API initialized
2025-08-26 14:39:20,028 - INFO - connected to the database
2025-08-26 14:39:20,037 - INFO - background check function is running
2025-08-26 14:39:45,992 - INFO - image has been successfully captured
2025-08-26 14:39:46,015 - INFO - verification started
2025-08-26 14:39:46,015 - INFO - verification successful
2025-08-26 14:40:17,890 - INFO - cors middleware is connected
2025-08-26 14:40:17,904 - INFO - file_cache is only supported with oauth2client<4.0.0
2025-08-26 14:40:17,919 - INFO - Google drive API initialized
2025-08-26 14:40:18,061 - INFO - connected to the database
2025-08-26 14:40:18,068 - INFO - background check function is running
2025-08-26 14:40:38,562 - INFO - image has been successfully captured
2025-08-26 14:40:38,581 - INFO - verification started
2025-08-26 14:40:38,581 - INFO - new user trying to register
2025-08-26 14:40:56,308 - INFO - image has been successfully captured
2025-08-26 14:40:56,324 - INFO - added to the database
2025-08-26 14:40:58,867 - INFO - added to the drive folder
2025-08-26 14:47:39,430 - INFO - cors middleware is connected
2025-08-26 14:47:39,437 - INFO - file_cache is only supported with oauth2client<4.0.0
2025-08-26 14:47:39,440 - INFO - Google drive API initialized
2025-08-26 14:47:39,512 - INFO - connected to the database
2025-08-26 14:47:39,518 - INFO - background check function is running
2025-08-26 14:47:54,217 - INFO - image has been successfully captured
2025-08-26 14:47:54,243 - INFO - verification started
2025-08-26 14:47:54,244 - INFO - verification successful
2025-08-26 14:52:01,814 - INFO - cors middleware is connected
2025-08-26 14:52:01,819 - INFO - file_cache is only supported with oauth2client<4.0.0
2025-08-26 14:52:01,822 - INFO - Google drive API initialized
2025-08-26 14:52:01,883 - INFO - connected to the database
2025-08-26 14:52:01,891 - INFO - background check function is running
2025-08-26 14:52:34,874 - INFO - image has been successfully captured
2025-08-26 14:52:34,888 - INFO - verification started
2025-08-26 14:52:34,888 - INFO - new user trying to register
2025-08-26 14:52:47,570 - INFO - error is Face could not be detected in numpy array.Please confirm that the picture is a face photo or consider to set enforce_detection param to False.
2025-08-26 16:54:20,076 - INFO - cors middleware is connected
2025-08-26 16:54:20,085 - INFO - file_cache is only supported with oauth2client<4.0.0
2025-08-26 16:54:20,090 - INFO - Google drive API initialized
2025-08-26 16:54:20,187 - INFO - connected to the database
2025-08-26 16:54:20,201 - INFO - background check function is running
2025-08-26 16:54:20,529 - INFO - recheck drive connection
2025-08-26 16:57:01,326 - INFO - cors middleware is connected
2025-08-26 16:57:01,334 - INFO - file_cache is only supported with oauth2client<4.0.0
2025-08-26 16:57:01,339 - INFO - Google drive API initialized
2025-08-26 16:57:01,442 - INFO - connected to the database
2025-08-26 16:57:01,454 - INFO - background check function is running
2025-08-26 16:58:20,951 - INFO - error is Face could not be detected in numpy array.Please confirm that the picture is a face photo or consider to set enforce_detection param to False.
2025-08-26 16:58:28,985 - INFO - error is Face could not be detected in numpy array.Please confirm that the picture is a face photo or consider to set enforce_detection param to False.
2025-08-26 16:58:55,383 - INFO - cors middleware is connected
2025-08-26 16:58:55,391 - INFO - file_cache is only supported with oauth2client<4.0.0
2025-08-26 16:58:55,395 - INFO - Google drive API initialized
2025-08-26 16:58:55,461 - INFO - connected to the database
2025-08-26 16:58:55,469 - INFO - background check function is running
2025-08-26 16:59:08,535 - INFO - image has been successfully captured
2025-08-26 16:59:08,567 - INFO - verification started
2025-08-26 16:59:08,568 - INFO - new user trying to register
2025-08-26 16:59:26,685 - INFO - image has been successfully captured
2025-08-26 16:59:26,688 - INFO - error is [WinError 183] Cannot create a file when that file already exists: 'ganesh12.jpg' -> 'Ganesh.jpg'
2025-08-26 17:00:57,996 - INFO - cors middleware is connected
2025-08-26 17:00:58,004 - INFO - file_cache is only supported with oauth2client<4.0.0
2025-08-26 17:00:58,009 - INFO - Google drive API initialized
2025-08-26 17:00:58,074 - INFO - connected to the database
2025-08-26 17:00:58,084 - INFO - background check function is running
2025-08-26 17:01:13,782 - INFO - image has been successfully captured
2025-08-26 17:01:13,792 - INFO - verification started
2025-08-26 17:01:13,792 - INFO - new user trying to register
2025-08-26 17:01:22,106 - INFO - error is Face could not be detected in numpy array.Please confirm that the picture is a face photo or consider to set enforce_detection param to False.
2025-08-26 17:02:30,518 - INFO - cors middleware is connected
2025-08-26 17:02:30,526 - INFO - file_cache is only supported with oauth2client<4.0.0
2025-08-26 17:02:30,529 - INFO - Google drive API initialized
2025-08-26 17:02:30,732 - INFO - connected to the database
2025-08-26 17:02:30,741 - INFO - background check function is running
2025-08-26 17:03:07,111 - INFO - error is Face could not be detected in numpy array.Please confirm that the picture is a face photo or consider to set enforce_detection param to False.
2025-08-28 09:29:44,443 - INFO - cors middleware is connected
2025-08-28 09:29:44,464 - INFO - file_cache is only supported with oauth2client<4.0.0
2025-08-28 09:29:44,468 - INFO - Google drive API initialized
2025-08-28 09:29:44,562 - INFO - connected to the database
2025-08-28 09:29:44,572 - INFO - background check function is running
2025-08-28 09:30:10,351 - INFO - error is Face could not be detected in numpy array.Please confirm that the picture is a face photo or consider to set enforce_detection param to False.
2025-08-28 09:31:21,776 - INFO - cors middleware is connected
2025-08-28 09:31:21,783 - INFO - file_cache is only supported with oauth2client<4.0.0
2025-08-28 09:31:21,785 - INFO - Google drive API initialized
2025-08-28 09:31:21,869 - INFO - connected to the database
2025-08-28 09:31:21,878 - INFO - background check function is running
2025-08-28 09:31:38,209 - INFO - image has been successfully captured
2025-08-28 09:31:38,233 - INFO - verification started
2025-08-28 09:31:38,234 - INFO - new user trying to register
2025-08-28 09:31:49,046 - INFO - error is Face could not be detected in numpy array.Please confirm that the picture is a face photo or consider to set enforce_detection param to False.
2025-08-28 09:36:41,369 - INFO - cors middleware is connected
2025-08-28 09:36:41,374 - INFO - file_cache is only supported with oauth2client<4.0.0
2025-08-28 09:36:41,377 - INFO - Google drive API initialized
2025-08-28 09:36:41,427 - INFO - connected to the database
2025-08-28 09:36:41,435 - INFO - background check function is running
2025-08-28 09:36:57,129 - INFO - image has been successfully captured
2025-08-28 09:36:57,147 - INFO - verification started
2025-08-28 09:36:57,148 - INFO - new user trying to register
2025-08-28 09:37:04,231 - INFO - image has been successfully captured
2025-08-28 09:37:04,233 - INFO - error is 'ImageData' object has no attribute 'designation'
2025-08-28 09:39:03,841 - INFO - cors middleware is connected
2025-08-28 09:39:03,846 - INFO - file_cache is only supported with oauth2client<4.0.0
2025-08-28 09:39:03,848 - INFO - Google drive API initialized
2025-08-28 09:39:04,056 - INFO - connected to the database
2025-08-28 09:39:04,064 - INFO - background check function is running
2025-08-28 09:39:28,643 - INFO - image has been successfully captured
2025-08-28 09:39:28,652 - INFO - verification started
2025-08-28 09:39:28,653 - INFO - new user trying to register
2025-08-28 09:39:35,914 - INFO - image has been successfully captured
2025-08-28 09:39:35,917 - INFO - error is [WinError 183] Cannot create a file when that file already exists: 'ganesh12.jpg' -> 'Ganesh.jpg'
2025-08-28 09:42:10,716 - INFO - cors middleware is connected
2025-08-28 09:42:10,721 - INFO - file_cache is only supported with oauth2client<4.0.0
2025-08-28 09:42:10,723 - INFO - Google drive API initialized
2025-08-28 09:42:10,784 - INFO - connected to the database
2025-08-28 09:42:10,791 - INFO - background check function is running
2025-08-28 09:42:23,221 - INFO - image has been successfully captured
2025-08-28 09:42:23,231 - INFO - verification started
2025-08-28 09:42:23,232 - INFO - new user trying to register
2025-08-28 09:42:31,995 - INFO - image has been successfully captured
2025-08-28 09:42:32,008 - INFO - added to the database
2025-08-28 09:42:35,038 - INFO - added to the drive folder
2025-08-28 09:49:37,296 - INFO - cors middleware is connected
2025-08-28 09:49:37,300 - INFO - file_cache is only supported with oauth2client<4.0.0
2025-08-28 09:49:37,305 - INFO - Google drive API initialized
2025-08-28 09:49:37,368 - INFO - connected to the database
2025-08-28 09:49:37,375 - INFO - background check function is running
2025-08-28 09:50:03,381 - INFO - image has been successfully captured
2025-08-28 09:50:03,400 - INFO - verification started
2025-08-28 09:50:03,401 - INFO - new user trying to register
2025-08-28 09:50:11,805 - INFO - image has been successfully captured
2025-08-28 09:50:11,817 - INFO - added to the database
2025-08-28 09:50:14,703 - INFO - added to the drive folder
2025-08-28 09:50:14,707 - INFO - new users information has been added to the db and drive
2025-08-28 09:52:49,394 - INFO - cors middleware is connected
2025-08-28 09:52:49,399 - INFO - file_cache is only supported with oauth2client<4.0.0
2025-08-28 09:52:49,403 - INFO - Google drive API initialized
2025-08-28 09:52:49,471 - INFO - connected to the database
2025-08-28 09:52:49,480 - INFO - background check function is running
2025-08-28 09:53:04,948 - INFO - image has been successfully captured
2025-08-28 09:53:04,961 - INFO - verification started
2025-08-28 09:53:04,962 - INFO - new user trying to register
2025-08-28 09:53:11,801 - INFO - image has been successfully captured
2025-08-28 09:53:11,801 - INFO - a guest is trying to register so only temporarily register them
2025-08-28 09:58:15,650 - INFO - cors middleware is connected
2025-08-28 09:58:15,655 - INFO - file_cache is only supported with oauth2client<4.0.0
2025-08-28 09:58:15,658 - INFO - Google drive API initialized
2025-08-28 09:58:15,857 - INFO - connected to the database
2025-08-28 09:58:15,865 - INFO - background check function is running
2025-08-28 09:59:52,891 - INFO - cors middleware is connected
2025-08-28 09:59:52,895 - INFO - file_cache is only supported with oauth2client<4.0.0
2025-08-28 09:59:52,897 - INFO - Google drive API initialized
2025-08-28 09:59:53,081 - INFO - connected to the database
2025-08-28 09:59:53,088 - INFO - background check function is running
2025-08-28 10:00:11,288 - INFO - image has been successfully captured
2025-08-28 10:00:11,298 - INFO - verification started
2025-08-28 10:00:11,299 - INFO - new user trying to register
2025-08-28 10:00:24,204 - INFO - image has been successfully captured
2025-08-28 10:00:24,205 - INFO - verification started
2025-08-28 10:00:24,206 - INFO - new user trying to register
2025-08-28 10:00:31,494 - INFO - image has been successfully captured
2025-08-28 10:00:31,506 - INFO - added to the database
2025-08-28 10:00:34,291 - INFO - added to the drive folder
2025-08-28 10:00:34,294 - INFO - new users information has been added to the db and drive
2025-08-28 11:08:40,005 - INFO - cors middleware is connected
2025-08-28 11:08:40,018 - INFO - file_cache is only supported with oauth2client<4.0.0
2025-08-28 11:08:40,021 - INFO - Google drive API initialized
2025-08-28 11:08:40,325 - INFO - connected to the database
2025-08-28 11:08:40,335 - INFO - background check function is running
2025-08-28 11:08:48,724 - INFO - error downloading Ganesh.jpg:add_new_toDb() missing 1 required positional argument: 'designation'
2025-08-28 11:08:50,674 - INFO - error downloading brad.jpg:add_new_toDb() missing 1 required positional argument: 'designation'
2025-08-28 11:08:52,283 - INFO - error downloading taylor.jpg:add_new_toDb() missing 1 required positional argument: 'designation'
2025-08-28 11:08:53,556 - INFO - error downloading tim.jpg:add_new_toDb() missing 1 required positional argument: 'designation'
2025-08-28 11:10:06,733 - INFO - cors middleware is connected
2025-08-28 11:10:06,740 - INFO - file_cache is only supported with oauth2client<4.0.0
2025-08-28 11:10:06,743 - INFO - Google drive API initialized
2025-08-28 11:10:07,033 - INFO - connected to the database
2025-08-28 11:10:07,046 - INFO - background check function is running
2025-08-28 11:10:32,597 - INFO - image has been successfully captured
2025-08-28 11:10:32,666 - INFO - verification started
2025-08-28 11:10:32,670 - INFO - verification successful
